<?xml version="1.0" encoding="UTF-8"?>
<testsuite name="ru.netology.glebs.OperationHistoryApiApplicationTest" tests="1" skipped="0" failures="0" errors="0" timestamp="2023-12-26T16:12:11" hostname="DESKTOP-OQH1UP5" time="0.409">
  <properties/>
  <testcase name="contextLoads()" classname="ru.netology.glebs.OperationHistoryApiApplicationTest" time="0.409"/>
  <system-out><![CDATA[21:12:09.834 [Test worker] DEBUG org.springframework.test.context.BootstrapUtils - Instantiating CacheAwareContextLoaderDelegate from class [org.springframework.test.context.cache.DefaultCacheAwareContextLoaderDelegate]
21:12:09.844 [Test worker] DEBUG org.springframework.test.context.BootstrapUtils - Instantiating BootstrapContext using constructor [public org.springframework.test.context.support.DefaultBootstrapContext(java.lang.Class,org.springframework.test.context.CacheAwareContextLoaderDelegate)]
21:12:09.874 [Test worker] DEBUG org.springframework.test.context.BootstrapUtils - Instantiating TestContextBootstrapper for test class [ru.netology.glebs.OperationHistoryApiApplicationTest] from class [org.springframework.boot.test.context.SpringBootTestContextBootstrapper]
21:12:09.884 [Test worker] INFO org.springframework.boot.test.context.SpringBootTestContextBootstrapper - Neither @ContextConfiguration nor @ContextHierarchy found for test class [ru.netology.glebs.OperationHistoryApiApplicationTest], using SpringBootContextLoader
21:12:09.888 [Test worker] DEBUG org.springframework.test.context.support.AbstractContextLoader - Did not detect default resource location for test class [ru.netology.glebs.OperationHistoryApiApplicationTest]: class path resource [ru/netology/glebs/OperationHistoryApiApplicationTest-context.xml] does not exist
21:12:09.888 [Test worker] DEBUG org.springframework.test.context.support.AbstractContextLoader - Did not detect default resource location for test class [ru.netology.glebs.OperationHistoryApiApplicationTest]: class path resource [ru/netology/glebs/OperationHistoryApiApplicationTestContext.groovy] does not exist
21:12:09.888 [Test worker] INFO org.springframework.test.context.support.AbstractContextLoader - Could not detect default resource locations for test class [ru.netology.glebs.OperationHistoryApiApplicationTest]: no resource found for suffixes {-context.xml, Context.groovy}.
21:12:09.889 [Test worker] INFO org.springframework.test.context.support.AnnotationConfigContextLoaderUtils - Could not detect default configuration classes for test class [ru.netology.glebs.OperationHistoryApiApplicationTest]: OperationHistoryApiApplicationTest does not declare any static, non-private, non-final, nested classes annotated with @Configuration.
21:12:09.925 [Test worker] DEBUG org.springframework.test.context.support.ActiveProfilesUtils - Could not find an 'annotation declaring class' for annotation type [org.springframework.test.context.ActiveProfiles] and class [ru.netology.glebs.OperationHistoryApiApplicationTest]
21:12:09.992 [Test worker] DEBUG org.springframework.context.annotation.ClassPathScanningCandidateComponentProvider - Identified candidate component class: file [C:\Users\glebs\Новая папка\netology-main\build\classes\java\main\ru\netology\glebs\OperationHistoryApiApplication.class]
21:12:09.993 [Test worker] INFO org.springframework.boot.test.context.SpringBootTestContextBootstrapper - Found @SpringBootConfiguration ru.netology.glebs.OperationHistoryApiApplication for test class ru.netology.glebs.OperationHistoryApiApplicationTest
21:12:10.106 [Test worker] DEBUG org.springframework.boot.test.context.SpringBootTestContextBootstrapper - @TestExecutionListeners is not present for class [ru.netology.glebs.OperationHistoryApiApplicationTest]: using defaults.
21:12:10.106 [Test worker] INFO org.springframework.boot.test.context.SpringBootTestContextBootstrapper - Loaded default TestExecutionListener class names from location [META-INF/spring.factories]: [org.springframework.boot.test.autoconfigure.restdocs.RestDocsTestExecutionListener, org.springframework.boot.test.autoconfigure.web.client.MockRestServiceServerResetTestExecutionListener, org.springframework.boot.test.autoconfigure.web.servlet.MockMvcPrintOnlyOnFailureTestExecutionListener, org.springframework.boot.test.autoconfigure.web.servlet.WebDriverTestExecutionListener, org.springframework.boot.test.autoconfigure.webservices.client.MockWebServiceServerTestExecutionListener, org.springframework.boot.test.mock.mockito.MockitoTestExecutionListener, org.springframework.boot.test.mock.mockito.ResetMocksTestExecutionListener, org.springframework.test.context.web.ServletTestExecutionListener, org.springframework.test.context.support.DirtiesContextBeforeModesTestExecutionListener, org.springframework.test.context.event.ApplicationEventsTestExecutionListener, org.springframework.test.context.support.DependencyInjectionTestExecutionListener, org.springframework.test.context.support.DirtiesContextTestExecutionListener, org.springframework.test.context.transaction.TransactionalTestExecutionListener, org.springframework.test.context.jdbc.SqlScriptsTestExecutionListener, org.springframework.test.context.event.EventPublishingTestExecutionListener]
21:12:10.119 [Test worker] DEBUG org.springframework.boot.test.context.SpringBootTestContextBootstrapper - Skipping candidate TestExecutionListener [org.springframework.test.context.transaction.TransactionalTestExecutionListener] due to a missing dependency. Specify custom listener classes or make the default listener classes and their required dependencies available. Offending class: [org/springframework/transaction/interceptor/TransactionAttributeSource]
21:12:10.119 [Test worker] DEBUG org.springframework.boot.test.context.SpringBootTestContextBootstrapper - Skipping candidate TestExecutionListener [org.springframework.test.context.jdbc.SqlScriptsTestExecutionListener] due to a missing dependency. Specify custom listener classes or make the default listener classes and their required dependencies available. Offending class: [org/springframework/transaction/interceptor/TransactionAttribute]
21:12:10.119 [Test worker] INFO org.springframework.boot.test.context.SpringBootTestContextBootstrapper - Using TestExecutionListeners: [org.springframework.test.context.web.ServletTestExecutionListener@29caf222, org.springframework.test.context.support.DirtiesContextBeforeModesTestExecutionListener@46cf05f7, org.springframework.test.context.event.ApplicationEventsTestExecutionListener@5851bd4f, org.springframework.boot.test.mock.mockito.MockitoTestExecutionListener@7cd1ac19, org.springframework.boot.test.autoconfigure.SpringBootDependencyInjectionTestExecutionListener@2f40a43, org.springframework.test.context.support.DirtiesContextTestExecutionListener@3caa4757, org.springframework.test.context.event.EventPublishingTestExecutionListener@69c43e48, org.springframework.boot.test.autoconfigure.restdocs.RestDocsTestExecutionListener@1804f60d, org.springframework.boot.test.autoconfigure.web.client.MockRestServiceServerResetTestExecutionListener@3a80515c, org.springframework.boot.test.autoconfigure.web.servlet.MockMvcPrintOnlyOnFailureTestExecutionListener@547e29a4, org.springframework.boot.test.autoconfigure.web.servlet.WebDriverTestExecutionListener@1c807b1d, org.springframework.boot.test.autoconfigure.webservices.client.MockWebServiceServerTestExecutionListener@238b521e, org.springframework.boot.test.mock.mockito.ResetMocksTestExecutionListener@1b39fd82]
21:12:10.122 [Test worker] DEBUG org.springframework.test.context.support.AbstractDirtiesContextTestExecutionListener - Before test class: context [DefaultTestContext@436390f4 testClass = OperationHistoryApiApplicationTest, testInstance = [null], testMethod = [null], testException = [null], mergedContextConfiguration = [WebMergedContextConfiguration@4d157787 testClass = OperationHistoryApiApplicationTest, locations = '{}', classes = '{class ru.netology.glebs.OperationHistoryApiApplication}', contextInitializerClasses = '[]', activeProfiles = '{}', propertySourceLocations = '{}', propertySourceProperties = '{org.springframework.boot.test.context.SpringBootTestContextBootstrapper=true}', contextCustomizers = set[org.springframework.boot.test.autoconfigure.actuate.metrics.MetricsExportContextCustomizerFactory$DisableMetricExportContextCustomizer@34997338, org.springframework.boot.test.autoconfigure.properties.PropertyMappingContextCustomizer@0, org.springframework.boot.test.autoconfigure.web.servlet.WebDriverContextCustomizerFactory$Customizer@6821ea29, org.springframework.boot.test.context.filter.ExcludeFilterContextCustomizer@5af3a0f, org.springframework.boot.test.json.DuplicateJsonObjectContextCustomizerFactory$DuplicateJsonObjectContextCustomizer@72cf2de5, org.springframework.boot.test.mock.mockito.MockitoContextCustomizer@0, org.springframework.boot.test.web.client.TestRestTemplateContextCustomizer@7b324585, org.springframework.boot.test.context.SpringBootTestArgs@1, org.springframework.boot.test.context.SpringBootTestWebEnvironment@26adfd2d], resourceBasePath = 'src/main/webapp', contextLoader = 'org.springframework.boot.test.context.SpringBootContextLoader', parent = [null]], attributes = map['org.springframework.test.context.web.ServletTestExecutionListener.activateListener' -> true]], class annotated with @DirtiesContext [false] with mode [null].

  .   ____          _            __ _ _
 /\\ / ___'_ __ _ _(_)_ __  __ _ \ \ \ \
( ( )\___ | '_ | '_| | '_ \/ _` | \ \ \ \
 \\/  ___)| |_)| | | | | || (_| |  ) ) ) )
  '  |____| .__|_| |_|_| |_\__, | / / / /
 =========|_|==============|___/=/_/_/_/
 :: Spring Boot ::                (v2.7.4)

2023-12-26 21:12:10.440  INFO 8944 --- [    Test worker] r.n.g.OperationHistoryApiApplicationTest : Starting OperationHistoryApiApplicationTest using Java 17.0.9 on DESKTOP-OQH1UP5 with PID 8944 (started by glebs in C:\Users\glebs\Новая папка\netology-main)
2023-12-26 21:12:10.441  INFO 8944 --- [    Test worker] r.n.g.OperationHistoryApiApplicationTest : No active profile set, falling back to 1 default profile: "default"
No operations
2023-12-26 21:12:11.855  INFO 8944 --- [    Test worker] r.n.g.OperationHistoryApiApplicationTest : Started OperationHistoryApiApplicationTest in 1.694 seconds (JVM running for 2.81)
No operations
]]></system-out>
  <system-err><![CDATA[]]></system-err>
</testsuite>
